<?xml version="1.0" encoding="UTF-8"?>
<!-- Generated by org.testng.reporters.JUnitXMLReporter -->
<testsuite ignored="2" hostname="LAPTOP-BE1H93O5" failures="0" tests="3" name="Surefire test" time="0.802" errors="0" timestamp="2022-11-12T08:01:12 EAT">
  <testcase classname="com.gmail.pageTest.LoginPageTest" name="verifyTitle" time="0.06"/>
  <testcase classname="com.gmail.pageTest.LoginPageTest" name="Email" time="0.306"/>
  <testcase classname="com.gmail.pageTest.WelcomePageTest" name="ClickNext" time="0.319"/>
  <testcase classname="com.gmail.baseTest.BaseTest" name="@AfterSuite CloseBrowser" time="0.0">
    <ignored/>
  </testcase> <!-- @AfterSuite CloseBrowser -->
  <testcase classname="com.gmail.baseTest.BaseTest" name="@AfterSuite CloseBrowser" time="0.0">
    <ignored/>
  </testcase> <!-- @AfterSuite CloseBrowser -->
</testsuite> <!-- Surefire test -->
