<?xml version="1.0" encoding="UTF-8"?>
<!-- Generated by org.testng.reporters.JUnitXMLReporter -->
<testsuite ignored="1" hostname="ITR5CD2013Y7G" failures="0" tests="3" name="Test" time="20.194" errors="0" timestamp="2022-06-27T10:08:48 EAT">
  <testcase classname="com.gmail.pageTest.LoginPageTest" name="verifyTitle" time="0.036"/>
  <testcase classname="com.gmail.pageTest.LoginPageTest" name="Email" time="0.143"/>
  <testcase classname="com.gmail.pageTest.WelcomePageTest" name="ClickNext" time="0.065"/>
  <testcase classname="com.gmail.baseTest.BaseTest" name="@AfterSuite CloseBrowser" time="0.0">
    <ignored/>
  </testcase> <!-- @AfterSuite CloseBrowser -->
</testsuite> <!-- Test -->
