<?xml version="1.0" encoding="UTF-8"?>
<testng-results ignored="2" total="5" passed="3" failed="0" skipped="0">
  <reporter-output>
  </reporter-output>
  <suite started-at="2022-11-12T08:01:11 EAT" name="Surefire suite" finished-at="2022-11-12T08:01:12 EAT" duration-ms="802">
    <groups>
    </groups>
    <test started-at="2022-11-12T08:01:11 EAT" name="Surefire test" finished-at="2022-11-12T08:01:12 EAT" duration-ms="802">
      <class name="com.gmail.pageTest.LoginPageTest">
        <test-method is-config="true" signature="initialize()[pri:0, instance:com.gmail.pageTest.LoginPageTest@3a1d593e]" started-at="2022-11-12T08:01:02 EAT" name="initialize" finished-at="2022-11-12T08:01:11 EAT" duration-ms="8913" status="PASS">
          <reporter-output>
          </reporter-output>
        </test-method> <!-- initialize -->
        <test-method signature="verifyTitle()[pri:-1, instance:com.gmail.pageTest.LoginPageTest@3a1d593e]" started-at="2022-11-12T08:01:11 EAT" name="verifyTitle" finished-at="2022-11-12T08:01:11 EAT" duration-ms="60" status="PASS">
          <reporter-output>
          </reporter-output>
        </test-method> <!-- verifyTitle -->
        <test-method signature="Email()[pri:0, instance:com.gmail.pageTest.LoginPageTest@3a1d593e]" started-at="2022-11-12T08:01:11 EAT" name="Email" finished-at="2022-11-12T08:01:12 EAT" duration-ms="306" status="PASS">
          <reporter-output>
          </reporter-output>
        </test-method> <!-- Email -->
      </class> <!-- com.gmail.pageTest.LoginPageTest -->
      <class name="com.gmail.pageTest.WelcomePageTest">
        <test-method signature="ClickNext()[pri:1, instance:com.gmail.pageTest.WelcomePageTest@361c294e]" started-at="2022-11-12T08:01:12 EAT" name="ClickNext" finished-at="2022-11-12T08:01:12 EAT" duration-ms="319" status="PASS">
          <reporter-output>
          </reporter-output>
        </test-method> <!-- ClickNext -->
      </class> <!-- com.gmail.pageTest.WelcomePageTest -->
      <class name="com.gmail.baseTest.BaseTest">
        <test-method is-config="true" signature="CloseBrowser()[pri:0, instance:com.gmail.baseTest.BaseTest@62dae245]" started-at="2022-11-12T08:01:12 EAT" name="CloseBrowser" finished-at="2022-11-12T08:01:13 EAT" duration-ms="955" status="PASS">
          <reporter-output>
          </reporter-output>
        </test-method> <!-- CloseBrowser -->
      </class> <!-- com.gmail.baseTest.BaseTest -->
    </test> <!-- Surefire test -->
  </suite> <!-- Surefire suite -->
</testng-results>
