<?xml version="1.0" encoding="UTF-8"?>
<testsuite xmlns:xsi="http://www.w3.org/2001/XMLSchema-instance" xsi:noNamespaceSchemaLocation="https://maven.apache.org/surefire/maven-surefire-plugin/xsd/surefire-test-report-3.0.xsd" version="3.0" name="TestSuite" time="12.372" tests="3" errors="0" skipped="0" failures="0">
  <properties>
[...]
</properties>
  <testcase name="verifyTitle" classname="com.gmail.pageTest.LoginPageTest" time="0.124">
    <system-out><![CDATA[Testing
After the driver
Before url
After url 
]]></system-out>
    <system-err><![CDATA[1668229263368	geckodriver	INFO	Listening on 127.0.0.1:64656
1668229264843	mozrunner::runner	INFO	Running command: "C:\\Program Files\\Mozilla Firefox\\firefox.exe" "--marionette" "--remote-debugging-port" "59369" "--remote-allow-hosts" "localhost" "-no-remote" "-profile" "C:\\Users\\ABDIRA~1\\AppData\\Local\\Temp\\rust_mozprofileYghiJM"
1668229265289	Marionette	INFO	Marionette enabled
1668229265296	Marionette	INFO	Listening on port 57158
WebDriver BiDi listening on ws://127.0.0.1:59369
Read port: 57158
1668229265497	RemoteAgent	WARN	TLS certificate errors will be ignored for this session
console.warn: SearchSettings: "get: No settings file exists, new profile?" (new NotFoundError("Could not open the file at C:\\Users\\ABDIRA~1\\AppData\\Local\\Temp\\rust_mozprofileYghiJM\\search.json.mozlz4", (void 0)))
DevTools listening on ws://127.0.0.1:59369/devtools/browser/e9e97bb3-2dfb-4821-912d-3f4333ecb72d
Nov 12, 2022 8:01:07 AM org.openqa.selenium.remote.ProtocolHandshake createSession
INFO: Detected dialect: W3C
console.warn: LoginRecipes: "Falling back to a synchronous message for: https://accounts.google.com."
]]></system-err>
  </testcase>
  <testcase name="Email" classname="com.gmail.pageTest.LoginPageTest" time="0.305"/>
  <testcase name="ClickNext" classname="com.gmail.pageTest.WelcomePageTest" time="0.319">
    <system-err><![CDATA[JavaScript warning: https://accounts.google.com/v3/signin/identifier?dsh=S386485706%3A1668229268304520&continue=https%3A%2F%2Faccounts.google.com%2Fb%2F1%2FAddMailService&flowEntry=ServiceLogin&flowName=GlifWebSignIn&followup=https%3A%2F%2Faccounts.google.com%2Fb%2F1%2FAddMailService&passive=1209600&ifkv=ARgdvAssAOfZqWrsmrItEDyTenaAYdP32CXjXqfA0GSmbpfCyhJbA7eBsivR6r7pVRwvV7TkTGyawA line 589 > injectedScript line 2 > eval line 2699 > eval line 1 > eval line 1 > eval, line 1: WEBGL_debug_renderer_info is deprecated in Firefox and will be removed. Please use RENDERER.
]]></system-err>
  </testcase>
</testsuite>